c:\users\acer\desktop\cs 3113\project 3\debug\vc142.pdb
c:\users\acer\desktop\cs 3113\project 3\debug\vc142.idb
c:\users\acer\desktop\cs 3113\project 3\debug\shaderprogram.obj
c:\users\acer\desktop\cs 3113\project 3\debug\main.obj
c:\users\acer\desktop\cs 3113\project 3\debug\entity.obj
c:\users\acer\desktop\cs 3113\project 4\debug\vc142.pdb
c:\users\acer\desktop\cs 3113\project 4\debug\vc142.idb
c:\users\acer\desktop\cs 3113\project 4\debug\shaderprogram.obj
c:\users\acer\desktop\cs 3113\project 4\debug\main.obj
c:\users\acer\desktop\cs 3113\project 4\debug\entity.obj
c:\users\acer\desktop\cs 3113\project 5\debug\vc142.pdb
c:\users\acer\desktop\cs 3113\project 5\debug\vc142.idb
c:\users\acer\desktop\cs 3113\project 5\debug\shaderprogram.obj
c:\users\acer\desktop\cs 3113\project 5\debug\main.obj
c:\users\acer\desktop\cs 3113\project 5\debug\entity.obj
c:\users\acer\desktop\cs 3113\project 5\debug\util.obj
c:\users\acer\desktop\cs 3113\project 5\debug\map.obj
c:\users\acer\desktop\cs 3113\project 5\debug\scene.obj
c:\users\acer\desktop\cs 3113\project 5\debug\level1.obj
c:\users\acer\desktop\cs 3113\project 5\debug\level2.obj
c:\users\acer\desktop\cs 3113\project 3\debug\sdlproject.exe
c:\users\acer\desktop\cs 3113\project 3\debug\sdlproject.ilk
c:\users\acer\desktop\cs 3113\project 3\debug\sdlproject.pdb
c:\users\acer\desktop\cs 3113\project 4\debug\sdlproject.exe
c:\users\acer\desktop\cs 3113\project 4\debug\sdlproject.ilk
c:\users\acer\desktop\cs 3113\project 4\debug\sdlproject.pdb
c:\users\acer\desktop\cs 3113\project 5\debug\sdlproject.exe
c:\users\acer\desktop\cs 3113\project 5\debug\sdlproject.ilk
c:\users\acer\desktop\cs 3113\project 5\debug\sdlproject.pdb
c:\users\acer\desktop\cs 3113\project 5\debug\main.obj.enc
c:\users\acer\desktop\cs 3113\project 5\debug\sdlproject.tlog\cl.command.1.tlog
c:\users\acer\desktop\cs 3113\project 5\debug\sdlproject.tlog\cl.read.1.tlog
c:\users\acer\desktop\cs 3113\project 5\debug\sdlproject.tlog\cl.write.1.tlog
c:\users\acer\desktop\cs 3113\project 5\debug\sdlproject.tlog\link.command.1.tlog
c:\users\acer\desktop\cs 3113\project 5\debug\sdlproject.tlog\link.read.1.tlog
c:\users\acer\desktop\cs 3113\project 5\debug\sdlproject.tlog\link.write.1.tlog
